0 info it worked if it ends with ok
1 verbose cli [ '/Users/psanker/build/si-staging-spatial/splunk/bin/node',
1 verbose cli   '/Users/psanker/build/si-staging-spatial/splunk/bin/npm',
1 verbose cli   'install' ]
2 info using npm@2.0.0
3 info using node@v0.11.14
4 warn package.json karna@0.1.0 No repository field.
5 warn package.json karna@0.1.0 No README data
6 verbose readDependencies using package.json deps
7 verbose install where, deps [ '/Users/psanker/EdDataVisualizations',
7 verbose install   [ 'grunt',
7 verbose install     'grunt-watch',
7 verbose install     'grunt-babel',
7 verbose install     'grunt-contrib-uglify',
7 verbose install     'grunt-execute',
7 verbose install     'load-grunt-tasks' ] ]
8 info preinstall karna@0.1.0
9 verbose readDependencies using package.json deps
10 verbose already installed skipping grunt-babel@~5.0.0 /Users/psanker/EdDataVisualizations
11 verbose already installed skipping grunt-contrib-uglify@~0.5.0 /Users/psanker/EdDataVisualizations
12 verbose already installed skipping grunt-execute@~0.2.2 /Users/psanker/EdDataVisualizations
13 verbose already installed skipping load-grunt-tasks@^3.2.0 /Users/psanker/EdDataVisualizations
14 verbose already installed skipping grunt@~0.4.5 /Users/psanker/EdDataVisualizations
15 verbose cache add [ 'grunt-watch@~0.6.1', null ]
16 verbose cache add spec="grunt-watch@~0.6.1" args=["grunt-watch@~0.6.1",null]
17 verbose parsed spec { raw: 'grunt-watch@~0.6.1',
17 verbose parsed spec   scope: null,
17 verbose parsed spec   name: 'grunt-watch',
17 verbose parsed spec   rawSpec: '~0.6.1',
17 verbose parsed spec   spec: '>=0.6.1 <0.7.0',
17 verbose parsed spec   type: 'range' }
18 verbose parsed spec { raw: 'grunt-watch@~0.6.1',
18 verbose parsed spec   scope: null,
18 verbose parsed spec   name: 'grunt-watch',
18 verbose parsed spec   rawSpec: '~0.6.1',
18 verbose parsed spec   spec: '>=0.6.1 <0.7.0',
18 verbose parsed spec   type: 'range' }
19 verbose addNamed [ 'grunt-watch', '>=0.6.1 <0.7.0' ]
20 verbose addNamed [ null, '>=0.6.1 <0.7.0' ]
21 silly lockFile ea7cda0a-grunt-watch-0-6-1-0-7-0 grunt-watch@>=0.6.1 <0.7.0
22 verbose lock grunt-watch@>=0.6.1 <0.7.0 /Users/psanker/.npm/ea7cda0a-grunt-watch-0-6-1-0-7-0.lock
23 silly addNameRange { name: 'grunt-watch', range: '>=0.6.1 <0.7.0', hasData: false }
24 verbose mapToRegistry name grunt-watch
25 verbose mapToRegistry uri https://registry.npmjs.org/grunt-watch
26 verbose request on initialization, where is /grunt-watch
27 verbose request after pass 1, where is /grunt-watch
28 verbose request url raw /grunt-watch
29 verbose request resolving registry [ 'https://registry.npmjs.org/', './grunt-watch' ]
30 verbose request after pass 2, where is https://registry.npmjs.org/grunt-watch
31 verbose request no auth needed
32 info attempt registry request try #1 at 12:39:20
33 verbose request id 6d86495f128d0ae6
34 http request GET https://registry.npmjs.org/grunt-watch
35 http 404 https://registry.npmjs.org/grunt-watch
36 silly registry.get cb [ 404,
36 silly registry.get   { 'content-type': 'application/json',
36 silly registry.get     'cache-control': 'max-age=0',
36 silly registry.get     'content-length': '2',
36 silly registry.get     'accept-ranges': 'bytes',
36 silly registry.get     date: 'Mon, 07 Sep 2015 16:39:20 GMT',
36 silly registry.get     via: '1.1 varnish',
36 silly registry.get     age: '0',
36 silly registry.get     connection: 'close',
36 silly registry.get     'x-served-by': 'cache-atl6223-ATL',
36 silly registry.get     'x-cache': 'MISS',
36 silly registry.get     'x-cache-hits': '0',
36 silly registry.get     'x-timer': 'S1441643960.685661,VS0,VE30' } ]
37 silly lockFile ea7cda0a-grunt-watch-0-6-1-0-7-0 grunt-watch@>=0.6.1 <0.7.0
38 silly lockFile ea7cda0a-grunt-watch-0-6-1-0-7-0 grunt-watch@>=0.6.1 <0.7.0
39 verbose stack Error: Not Found
39 verbose stack     at errorResponse (/Users/psanker/build/si-staging-spatial/splunk/lib/node_modules/npm/lib/cache/add-named.js:267:10)
39 verbose stack     at setData (/Users/psanker/build/si-staging-spatial/splunk/lib/node_modules/npm/lib/cache/add-named.js:210:12)
39 verbose stack     at saved (/Users/psanker/build/si-staging-spatial/splunk/lib/node_modules/npm/node_modules/npm-registry-client/lib/get.js:167:7)
39 verbose stack     at Object.oncomplete (fs.js:93:15)
40 verbose statusCode 404
41 verbose pkgid grunt-watch
42 verbose cwd /Users/psanker/EdDataVisualizations
43 error Darwin 13.3.0
44 error argv "/Users/psanker/build/si-staging-spatial/splunk/bin/node" "/Users/psanker/build/si-staging-spatial/splunk/bin/npm" "install"
45 error node v0.11.14
46 error npm  v2.0.0
47 error code E404
48 error 404 Not Found
48 error 404
48 error 404 'grunt-watch' is not in the npm registry.
48 error 404 You should bug the author to publish it (or use the name yourself!)
48 error 404 It was specified as a dependency of 'karna'
48 error 404
48 error 404 Note that you can also install from a
48 error 404 tarball, folder, http url, or git url.
49 verbose exit [ 1, true ]
